[   0.000] Initializing cgroup subsys cpuset
[  0.000000] Initializing cgroup subsys cpu
[    0.000000] Initializing cgroup subsys cpuacct
[    0.000000] Linux version 4.4.0-142-generic (buildd@lgw01-amd64-033) (gcc version 5.4.0 20160609 (Ubuntu 5.4.0-6ubuntu1~16.04.10) ) #168-Ubuntu SMP Wed Jan 16 21:00:45 UTC 2019 (Ubuntu 4.4.0-142.168-generic 4.4.167)
[    0.000000] Command line: BOOT_IMAGE=/boot/vmlinuz-4.4.0-142-generic root=UUID=e47f8f7b-2221-4dcb-92d5-5a0ecb0c ro console=tty1 console=ttyS0
[  00000] ERL uppoedcpu
    00000  ntelenineInel
[    0.000]  MDAuthenticAMD
[  00000]  CenurCentaurHauls
[    0.000000] x86/f: statofset[: 576,state_szes[2]:  256
[  00000] 86/f: uppoin XSAVE feature 0x01: 'x87 floating pntregier'
[  .0000]x86/u: Supporting XSAVE feature 0x02: 'SSE registers'
[    0.000000] x86/fpu: Supporting XSAVE feature 0x04: 'AVX registers'
[    0.000000] x86/fpu: Enabled xstate features 0x7, context size is 832 bytes, using 'standard' format.
[   .00000e80: BS-rovided physical RAM map:
[  00000] IOS-e820: [mem 0x0000000000000000-0x000000000009fbff] usable
[  0.00000] BS-82: em 0x0000000fc0-0x000000000009ffff] reserved
[  0.000000] BIOS-e82: [me0x0000000f0000x0000000fff] eseed
[  .000000BIS-e8: mem 000000010000x000007fefff uable[   .00000BIS-e8: mem 00000007fff0000-0x000000007fffffff] ACPI data
[    0.000000] BIOS-e820: [mem 0x00000000fec00000-0x00000000fec00fff] reserved
[    0.000000] BIOS-e820: [mem 0x00000000fee000-000000000fee00fff] reserved
[    0.000000] BIOS-e820: [mem 0x00000000fffc0000-0x00000000ffffffff] reserved
[    0.000000] NX (Execute Disable) protection: active
[    0.000000] SMBIOS 2.5 present.
[    0.000000] Hypervisor detected: KVM
[    0.000000] e820: last_pfn = 0x7fff0 max_arch_pfn = 0x400000000
[    0.000000] MTRR: Disabled
[    0.000000] x86/PAT: MTRRs disabled, skipping PAT initialization too.
[    0.000000] CPU MTRRs all blank - virtualized system.
[    0.000000] x86/PAT: Connfiguration [0-7]: WB  WT  UC- UC  WB  WT  UC- UC  
[    0.000000] found SMP MP-table at [mem 0x0009fff0-0x0009ffff] mapped at [ffff88000009fff0]
[    0.000000] Scanning 1 areas for low memory corruption
[    0.000000] RAMDISK: [mem 0x361f0000-0x370effff]
[    0.000000] ACPI: Early table checksum verification disabled
[    0.000000] ACPI: RP x0000000000 0004 v02 VBOX  )
[  0000000] ACPI: XSDT 0x000000007FFF0030 00003C (v01 VBOX   VBOXXSDT 00000001 ASL  00000061)
[   .00000 API: CP0x000000007FFF00F0 0000F4 (v04 VBOX   VBOXFACP 00000001 ASL  00000061)
[  00000] CPI:SD 0x000007FFF0470 0021FF (v02 VBOX   VBOXBIOS 00000002 INTL 20100528)
[  00000] CPI:AC 0x00000FF0200 000040
[   0.000] APIFACS 0x000000007F0200 000040
[    0.000000] ACPI: APIC 0x000000007FFF0240 00005C (v02 VBOX   VBOXAPIC 00000001 ASL  00000061)
[    0.000000] ACPI: SSDT 0x000000007FFF02A0 0001CC (v01 VBOX   VBOXCPUT 00000002 INTL 20100528)
[    0.000000] No NUMA configuration found
[    0.000000] Faking a node at [mem 0x0000000000000000-0x000000007ffeffff]
[    0.000000] NODE_DATA(0) allocated [mem 0x7ffeb000-0x7ffeffff]
[    0.000000] kvm-clock: Using msrs 4b564d01 and 4b564d00
[    0.000000] kvm-clock: cpu 0, msr 0:7ffe3001, primary cpu clock
[    0.000000] kvm-clock: using shed fst of19046186yces
[    .0000]closourc: kvclck: sk 0xfffffffffffff max_cycles: 0x1cd42e4dffb, max_idle_ns: 881590591483 ns
[    0.000000] Zoneanes:    00000] DM      em 000000000000-0000000fffff][    0.000000] DA32  [em 0x000000001000000x000007ffeff
[  00000]  Norl  emp
    00000]  evic  mpty[    00000Moableon sta fr ea nde
[    0.000000] Early memory node ranges
[    0.000000]   node   0: [mem 0x0000000000001000-0x000000000009efff]
[    0.000000]   node   0: [mem 0x0000000000100000-0x000000007ffeffff]
[    0.000000] Initmem setup node 0 [mem 0x0000000000001000-0x000000007ffeffff]
[    0.000000] ACPI: PM-Timer IO Port: 0x4008
[    0.000000] IOAPIC[0]: apic_id 2, version 32, address 0xfec00000, GSI 0-23
[    0.000000] ACPI: INT_SRC_OVR (bus 0 bus_irq 0 global_irq 2 dfl dfl)
[    0.000000] ACPI: INT_SRC_OVR (bus 0 bus_irq 9 global_irq 9 low level)
[    0.000000] Using ACPI (MADT) orSMP configuration information
[    0.000000] smpboot: Allowing 2 CPUs, 0 hotplug CPUs
[    0.000000] PM: Registered nosave memory: [mem 0x00000000-0x00000fff]
[    0.000000] PM: Registered nosave memory: [mem 0x0009f000-0x0009ffff]
[    0.000000] PM: Registered nosave memory: [mem 0x000a0000-0x000effff
[    00000]M:Regierd nosa mmory[mm 0x0f000-00ffff
    00000e80: [mem 0x80000000-0xfebfffff] available for PCI devices
[  00000] ooti pravirtlied kne on M
[  .0000] clocksource: refined-jiffies: mask: 0xffffffff max_cycles: 0xffffffff, max_idle_ns: 7645519600211568 ns
[    0.000000] setup_percpu: NR_CPUS:512 nr_cpumask_bits:512 nr_cpu_ids:2 nr_node_ids:1
[    0.000000] PERCPU: Embedded 34 pages/cpu @ffff88007fc00000 s99480 r8192 d31592 u1048576
[    0.000000] Built 1 zolists in Node order, mobility grouping on.  Total pages: 515960
[    0.000000] Policy zone: DMA32
[    0.000000] Kernel command line: BOOT_IMAGE=/boot/vmlinuz-4.4.0-142-generic root=UUID=e47f8f7b-2221-4dcb-92d5-5a30ecb5f0c4 ro console=tty1 console=ttyS0
[    0.000000] PID hash table entries: 4096 (order: 3, 32768 bytes)
[    0.000000] Memory: 2029364K/2096696K available (8603K kernel code, 1332K rwdata, 4004K rodata, 1484K init, 1316K bss, 67332K reserved, 0K cma-reserved)
[  00000] LUB:Waign=, rder-3 Minjets=0CPs=2,ods=1[   .00000Kenel/erpageabes isation: enabled
[    0.000000] Hierarchical RCU implementation.
[    0.000000] 	Build-time djumet of affanout to 64.[   0.0000] CU restricting CPUs rom NR_CPUS=512 to nr_cpu_ids=2.
[    0.000000] RCU: Adjusting geometry for rcu_fanout_leaf=64, nr_cpu_ids=2
[    0.000000] NR_IRQS:33024 nr_irqs:440 16
[    0.000000] Console: colour VGA+ 80x25
[    0.000000] console [tty1] enabled
[    0.000000] console [ttyS0] enabled
[    0.000000] tsc: Detected 1800.002 MHz processor
[    8.897708] Calibrating delay loop (skipped) preset value.. 3600.00 BogoMIPS (lpj=7200008)
[    8.899858] pid_max: default: 32768 minimum: 301
[    8.907898] ACPI: Core revision 20150930
[    8.911589] ACPI: 2 ACPI AML tables successfully acquired and loaded
[    8.921107] Security Framework initialized
[    9.072514] Yama: becoming mindful.
[    9.188694] AppArmor: AppArmor initialized
[    9.340021] Dentry cache hash table entries: 262144 (order: 9, 2097152 bytes)
[    9.561885] Inode-cache hash table entries: 131072 (order: 8, 1048576 bytes)
[    9.600923] Mount-cache hash table entries: 4096 (order: 3, 32768 bytes)
[    9.794200] Mountpoint-cache hash table entries: 4096 (order: 3, 32768 bytes)
[    9.802838] Initializing cgroup subsys io
[    9.803914] Initializing cgroup subsys memory
[    9.805094] Initializing cgroup subsys devices
[    9.806400] Initializing cgroup subsys freezer
[    9.807665] Initializing cgroup subsys net_cls
[    9.808824] Initializing cgroup subsys perf_event
[    9.809994] Initializing cgroup subsys net_prio
[    9.818274] Initializing cgroup subsys hugetlb
[    9.859528] Initializing cgroup subsys pids
[    9.871161] mce: CPU supports 0 MCE banks
[    9.899717] Last level iTLB entries: 4KB 64, 2MB 8, 4MB 8
[    9.947143] Last level dTLB entries: 4KB 64, 2MB 0, 4MB 0, 1GB 4
[    9.969210] Spectre V2 : Mitigation: Full generic retpoline
[    9.970523] Spectre V2 : Spectre v2 / SpectreRSB mitigation: Filling RSB on context switch
[    9.973189] Speculative Store Bypass: Vulnerable
[    9.983274] Freeing SMP alternatives memory: 32K
[    9.990329] ftrace: allocating 32277 entries in 127 pages
[   10.048783] smpboot: APIC(0) Converting physical 0 to logical package 0
[   10.086476] smpboot: Max logical packages: 1
[   10.152465] x2apic enabled
[   10.191507] Switched APIC routing to physical x2apic.
[   10.259078] ..TIMER: vector=0x30 apic1=0 pin1=2 apic2=-1 pin2=-1
[ 10.384831] smpboot: CPU0: Intel(R) Core(TM) i5-8250U CPU @ 1.60GHz (family: 0x6, model: 0x8e, stepping: 0xa)
[   10.714077] Performance Events: unsupported p6 CPU model 142 no PMU driver, software events only.
[   10.859464] KVM setup paravirtual spinlock
[   10.864135] x86: Booting SMP configuration:
[   11.005024] .... node  #0, CPUs:      #1
[   11.014619] kvm-clock: cpu 1, msr 0:7ffe3041, secondary cpu clock
[   11.029244] mce: CPU supports 0 MCE banks
[   11.031834] TSC synchronization [CPU#0 -> CPU#1]:
[   11.033299] Measured 101 cycles TSC warp between CPUs, turning off TSC clock.
[   11.035216] tsc: Marking TSC unstable due to check_tsc_sync_source failed
[   11.074340] x86: Booted up 1 node, 2 CPUs
[   11.192383] smpboot: Total of 2 processors activated (7200.00 BogoMIPS)
[    0.220551] devtmpfs: initialized
[    0.225933] evm: security.selinux
[    0.228009] evm: security.SMACK64
[    0.232006] evm: security.SMACK64EXEC
[    0.236004] evm: security.SMACK64TRANSMUTE
[    0.240009] evm: security.SMACK64MMAP
[    0.244005] evm: security.ima
[    0.248005] evm: security.capability
[    0.252121] clocksource: jiffies: mask: 0xffffffff max_cycles: 0xffffffff, max_idle_ns: 7645041785100000 ns
[    0.256021] futex hash table entries: 512 (order: 3, 32768 bytes)
[    0.260095] pinctrl core: initialized pinctrl subsystem
[    0.264131] RTC time:  2:54:22, date: 02/28/19
[    0.268229] NET: Registered protocol family 16
[    0.284020] cpuidle: using governor ladder
[    0.304022] cpuidle: using governor menu
[    0.308018] PCCT header not found.
[    0.312095] ACPI: bus type PCI registered
[    0.316006] acpiphp: ACPI Hot Plug PCI Controller Driver version: 0.5
[    0.317670] PCI: Using configuration type 1 for base access
[    0.332151] ACPI: Added _OSI(Module Device)
[    0.336008] ACPI: Added _OSI(Processor Device)
[    0.340006] ACPI: Added _OSI(3.0 _SCP Extensions)
[    0.344006] ACPI: Added _OSI(Processor Aggregator Device)
[    0.348876] ACPI: Executed 1 blocks of module-level executable AML code
[    0.353186] ACPI: Interpreter enabled
[    0.356018] ACPI: (supports S0 S5)
[    0.360005] ACPI: Using IOAPIC for interrupt routing
[    0.364250] PCI: Using host bridge windows from ACPI; if necessary, use "pci=nocrs" and report a bug
[    0.374154] ACPI: PCI Root Bridge [PCI0] (domain 0000 [bus 00-ff])
[    0.376013] acpi PNP0A03:00: _OSC: OS supports [ASPM ClockPM Segments MSI]
[    0.380038] acpi PNP0A03:00: _OSC: not requesting OS control; OS requires [ExtendedConfig ASPM ClockPM MSI]
[    0.384018] acpi PNP0A03:00: fail to add MMCONFIG information, can't access extended PCI configuration space under this bridge.
[    0.388360] PCI host bridge to bus 0000:00
[    0.392019] pci_bus 0000:00: root bus resource [io  0x0000-0x0cf7 window]
[    0.396009] pci_bus 0000:00: root bus resource [io  0x0d00-0xffff window]
[    0.400009] pci_bus 0000:00: root bus resource [mem 0x000a0000-0x000bffff window]
[    0.404009] pci_bus 0000:00: root bus resource [mem 0x80000000-0xfdffffff window]
[    0.406389] pci_bus 0000:00: root bus resource [bus 00-ff]
[    0.412637] pci 0000:00:01.1: legacy IDE quirk: reg 0x10: [io  0x01f0-0x01f7]
[    0.414332] pci 0000:00:01.1: legacy IDE quirk: reg 0x14: [io  0x03f6]
[    0.415863] pci 0000:00:01.1: legacy IDE quirk: reg 0x18: [io  0x0170-0x0177]
[    0.416004] pci 0000:00:01.1: legacy IDE quirk: reg 0x1c: [io  0x0376]
[    0.450521] pci 0000:00:07.0: quirk: [io  0x4000-0x403f] claimed by PIIX4 ACPI
[    0.452022] pci 0000:00:07.0: quirk: [io  0x4100-0x410f] claimed by PIIX4 SMB
[    0.472272] ACPI: PCI Interrupt Link [LNKA] (IRQs 5 9 10 *11)
[    0.486517] ACPI: PCI Interrupt Link [LNKB] (IRQs 5 9 *10 11)
[    0.496552] ACPI: PCI Interrupt Link [LNKC] (IRQs 5 *9 10 11)
[    0.512549] ACPI: PCI Interrupt Link [LNKD] (IRQs 5 9 10 *11)
[    0.528522] ACPI: Enabled 2 GPEs in block 00 to 07
[    0.532210] vgaarb: setting as boot device: PCI:0000:00:02.0
[    0.536000] vgaarb: device added: PCI:0000:00:02.0,decodes=io+mem,owns=io+mem,locks=none
[    0.536008] vgaarb: loaded
[    0.540007] vgaarb: bridge control possible 0000:00:02.0
[    0.541823] SCSI subsystem initialized
[    0.544083] ACPI: bus type USB registered
[    0.548039] usbcore: registered new interface driver usbfs
[    0.552026] usbcore: registered new interface driver hub
[    0.556033] usbcore: registered new device driver usb
[    0.560095] PCI: Using ACPI for IRQ routing
[    0.561454] NetLabel: Initializing
[    0.562404] NetLabel:  domain hash size = 128
[    0.564002] NetLabel:  protocols = UNLABELED CIPSOv4
[    0.565252] NetLabel:  unlabeled traffic allowed by default
[    0.566646] amd_nb: Cannot enumerate AMD northbridges
[    0.568007] clocksource: Switched to clocksource kvm-clock
[    0.5954] pAorAprm Fesystm Enle
[  1972]npPnAC it  1.9680] pnp:nPCP fnd dics
[  2074]losoceacppmma: ffffaxycs: 0xffffff, max_idle_ns: 2085701024 ns
[  2472]ET Regted otolamy 

[    3455]CPstliedastae entries: 163 (order: 5, 131072 bytes)

[    3.842268] TCP bind hash table entries: 16384 (order: 6, 262144 bytes)
[    3.843824] TCP: Hash tables configured (established 16384 bind 16384)
[    3.845398] UDP hash table entries: 1024 (order: 3, 32768 bytes)
[  34674] U-Le shable trs:02(oer3,27 bes
[  4044]ET: Registered protocol family 1
[    4.902510]ci0000:00:00.0: Limiting direct PCI/PCI transfers
[    4.994215] pci 0000:00:01.0: Activating ISA DMA hang workarounds
[  5064]npki itrfs.
[    5.715958] Freeing initrd memory: 15360K
[    5.859161] platform rtc_cmos: registered platform RTC device (no PNP device found)
[    5.960101] clocksource: tsc: mask: 0xffffffffffffffff max_cycles: 0x19f22b76be8, max_idle_ns: 440795216487 ns
[    5.960196] Scanning for low memory corruption every 60 seconds
[    6.145865] audit: initializing netlink subsys (disabled)
[    6.168288] audit: type=2000 audit(1551322461.765:1): initialized
[    6.177870] Initialise system trusted keyring
[    6.321972] HugeTLB registered 2 MB page size, pre-allocated 0 pages
[   .485 zd:oad
[    6.784836] VFS: Disk quotas dquot_6.6.0
[    6.912799] VFS: Dquot-cache hash table entries: 512 (order 0, 4096 bytes)
[    6.996598] squashfs: version 4.0 (2009/01/31) Phillip Lougher
[    7.004996] fuse init (API version 7.23)
[    7.006216] Key type big_key registered
[    7.007255] Allocating IMA MOK and blacklist keyrings.
[    7.010138] Key type asymmetric registered
[    7.011219] Asymmetric key parser 'x509' registered
[    7.012453] Block layer SCSI generic (bsg) driver version 0.4 loaded (major 249)
[    7.014598] io scheduler noop registered
[    7.021909] io scheduler deadline registered (default)
[    7.036878] io scheduler cfq registered
[    7.038034] pci_hotplug: PCI Hot Plug PCI Core version: 0.5
[    7.039442] pciehp: PCI Express Hot Plug Controller Driver version: 0.4
[    7.041109] ACPI: AC Adapter [AC] (on-line)
[    7.042247] input: Power Button as /devices/LNXSYSTM:00/LNXPWRBN:00/input/input0
[    7.044149] ACPI: Power Button [PWRF]
[    7.045268] input: Sleep Button as /devices/LNXSYSTM:00/LNXSLPBN:00/input/input1
[    7.047253] ACPI: Sleep Button [SLPF]
[    7.048443] GHES: HEST is not enabled!
[    7.049258] ACPI: Battery Slot [BAT0] (battery present)
[    7.050944] Serial: 8250/16550 driver, 32 ports, IRQ sharing enabled
[    7.075235] 00:02: ttyS0 at I/O 0x3f8 (irq = 4, base_baud = 115200) is a 16550A
[    7.326065] Linux agpgart interface v0.103
[    7.329042] loop: module loaded
[    7.330467] scsi host0: ata_piix
[    7.415303] scsi host1: ata_piix
[    7.445395] ata1: PATA max UDMA/33 cmd 0x1f0 ctl 0x3f6 bmdma 0xd000 irq 14
[    7.493370] ata2: PATA max UDMA/33 cmd 0x170 ctl 0x376 bmdma 0xd008 irq 15
[   .663] lihyFid MDIOuspred
[    1942tu UvealUNAPeve iv, 6  8.8709tu (C) 1999-2004 Max Krasnyansky <maxk@qualcomm.com>

[    9.142442] PPP generic driver version 2.4.2
[    9.149374] ehci_hcd: USB 2.0 'Enhanced' Host Controller (EHCI) Driver
[    9.150902] ehci-pci: EHCI PCI platform driver
[    9.152028] ehci-platform: EHCI generic platform driver
[    9.153431] ohci_hcd: USB 1.1 'Open' Host Controller (OHCI) Driver
[    9.168958] ohci-pci: OHCI PCI platform driver
[    9.184172] ohci-platform: OHCI generic platform driver
[    9.191893] uhci_hcd: USB Universal Host Controller Interface driver
[    9.193608] i8042: PNP: PS/2 Controller [PNP0303:PS2K,PNP0f03:PS2M] at 0x60,0x64 irq 1,12
[    9.196424] serio: i8042 KBD port at 0x60,0x64 irq 1
[    9.197768] serio: i8042 AUX port at 0x60,0x64 irq 12
[    9.199263] mousedev: PS/2 mouse device common for all mice
[    9.201017] input: AT Translated Set 2 keyboard as /devices/platform/i8042/serio0/input/input2
[    9.203361] rtc_cmos rtc_cmos: rtc core: registered rtc_cmos as rtc0
[    9.204839] rtc_cmos rtc_cmos: alarms up to one day, 114 bytes nvram
[    3412i2/d eri dve
[   9.10] viceapr:evt:eron.0
[   10.388801] device-mapper: ioctl: 4.34.0-ioctl (2015-10-28) initialised: dm-devel@redhat.com
[   10.503768] ledtrig-cpu: registered to indicate activity on CPUs
[   10.544480] NET: Registered protocol family 10
[   10.674870] NET: Registered protocol family 17
[   10.806877] Key type dns_resolver registered
[   10.919408] registered taskstats version 1
[   10.920664] Loading compiled-in X.509 certificates
[   10.922613] Loaded X.509 cert 'Build time autogenerated kernel key: bff73e56bc0efa7435b2a24f5427674623f1be80'
[   11.038749] zswap: loaded using pool lzo/zbud
[   11.146520] Key type trusted registered
[   11.254420] Key type encrypted registered
[   11.287685] AppArmor: AppArmor sha1 policy hashing enabled
[   11.329909] ima: No TPM chip found, activating TPM-bypass!
[   11.331333] ima: Allocated hash algorithm: sha1
[   11.332561] evm: HMAC attrs: 0x1
[   11.333902]   Magic number: 7:180:916
[   11.334923] tty ptmx: hash matches
[   11.343001] rtc_cmos rtc_cmos: setting system clock to 2019-02-28 02:54:36 UTC (1551322476)
[   11.387336] BIOS EDD facility v0.16 2004-Jun-25, 0 devices found
[   11.532709] EDD information not available.
[   11.535031] Freeing unused kernel memory: 1484K
[   11.552248] Write protecting the kernel read-only data: 14336k
[   11.693922] Freeing unused kernel memory: 1624K
[   11.727795] Freeing unused kernel memory: 92K
Loading, please wait...
starting version 229
[   11.764589] random: systemd-udevd: uninitialized urandom read (16 bytes read, 5 bits of entropy available)
[   11.765293] random: udevadm: uninitialized urandom read (16 bytes read, 5 bits of entropy available)
[   11.765315] random: udevadm: uninitialized urandom read (16 bytes read, 5 bits of entropy available)
[   11.772001] random: systemd-udevd: uninitialized urandom read (16 bytes read, 5 bits of entropy available)
[   11.774586] random: systemd-udevd: uninitialized urandom read (16 bytes read, 5 bits of entropy available)
[   11.775984] random: udevadm: uninitialized urandom read (16 bytes read, 5 bits of entropy available)
[   11.776093] random: udevadm: uninitialized urandom read (16 bytes read, 5 bits of entropy available)
[   11.776236] random: udevadm: uninitialized urandom read (16 bytes read, 5 bits of entropy available)
[   11.776286] random: udevadm: uninitialized urandom read (16 bytes read, 5 bits of entropy available)
[   11.776332] random: udevadm: uninitialized urandom read (16 bytes read, 5 bits of entropy available)
[   11.859571] Fusion MPT base driver 3.04.20
[   11.860819] Copyright (c) 1999-2008 LSI Corporation
[   11.866906] e1000: Intel(R) PRO/1000 Network Driver - version 7.3.21-k8-NAPI
[   11.906813] e1000: Copyright (c) 1999-2006 Intel Corporation.
[   11.927542] Fusion MPT SPI Host driver 3.04.20
[   12.062047] AVX2 version of gcm_enc/dec engaged.
[   12.127832] AES CTR mode by8 optimization enabled
[   12.240909] input: ImExPS/2 Generic Explorer Mouse as /devices/platform/i8042/serio1/input/input4
[   12.487282] e1000 0000:00:03.0 eth0: (PCI:33MHz:32-bit) 02:9c:d2:53:c1:d1
[   12.515386] e1000 0000:00:03.0 eth0: Intel(R) PRO/1000 Network Connection
[   12.909738] e1000 0000:00:08.0 eth1: (PCI:33MHz:32-bit) 08:00:27:8c:da:b0
[   13.114079] e1000 0000:00:08.0 eth1: Intel(R) PRO/1000 Network Connection
[   13.183887] e1000 0000:00:08.0 enp0s8: renamed from eth1
[   13.184259] mptbase: ioc0: Initiating bringup
[   13.300492] e1000 0000:00:03.0 enp0s3: renamed from eth0
[   13.444988] ioc0: LSI53C1030 A0: Capabilities={Initiator}
[   13.621554] scsi host2: ioc0: LSI53C1030 A0, FwRev=00000000h, Ports=1, MaxQ=256, IRQ=20
[   13.926454] scsi 2:0:0:0: Direct-Access     VBOX     HARDDISK         1.0  PQ: 0 ANSI: 5
[   14.139498] scsi target2:0:0: Beginning Domain Validation
[   14.201997] scsi target2:0:0: Domain Validation skipping write tests
[   14.230335] scsi target2:0:0: Ending Domain Validation
[   14.343160] scsi target2:0:0: asynchronous
[   14.345061] scsi 2:0:1:0: Direct-Access     VBOX     HARDDISK         1.0  PQ: 0 ANSI: 5
[   14.709215] scsi target2:0:1: Beginning Domain Validation
[   15.236830] scsi target2:0:1: Domain Validation skipping write tests
[   15.442839] scsi target2:0:1: Ending Domain Validation
[   15.545700] scsi target2:0:1: asynchronous
[   15.627347] sd 2:0:0:0: Attached scsi generic sg0 type 0
[   15.628783] sd 2:0:0:0: [sda] 20971520 512-byte logical blocks: (10.7 GB/10.0 GiB)
[   15.631157] sd 2:0:1:0: Attached scsi generic sg1 type 0
[   15.638076] sd 2:0:0:0: [sda] Write Protect is off
[   15.639365] sd 2:0:1:0: [sdb] 20480 512-byte logical blocks: (10.5 MB/10.0 MiB)
[   15.639489] sd 2:0:0:0: [sda] Incomplete mode parameter data
[   15.639493] sd 2:0:0:0: [sda] Assuming drive cache: write through
[   15.644594] sd 2:0:1:0: [sdb] Write Protect is off
[   15.652824] sd 2:0:1:0: [sdb] Incomplete mode parameter data
[   15.723952] sd 2:0:1:0: [sdb] Assuming drive cache: write through
[   15.763771]  sda: sda1
[   15.824909] sd 2:0:0:0: [sda] Attached SCSI disk
[   15.827388] sd 2:0:1:0: [sdb] Attached SCSI disk
Begin: Loading e[   17.529595] md: linear personality registered for level -1
ssential drivers[   17.691597] md: multipath personality registered for level -4
 ... [   17.738492] md: raid0 personality registered for level 0
[   17.743359] md: raid1 personality registered for level 1
[   17.828095] raid6: sse2x1   gen() 11473 MB/s
[   17.896478] raid6: sse2x1   xor()  8754 MB/s
[   18.084395] raid6: sse2x2   gen() 14231 MB/s
[   18.272274] raid6: sse2x2   xor()  9888 MB/s
[   18.452392] raid6: sse2x4   gen() 16287 MB/s
[   18.552420] raid6: sse2x4   xor() 11338 MB/s
[   18.788128] raid6: avx2x1   gen() 23307 MB/s
[   18.876450] raid6: avx2x2   gen() 25128 MB/s
[   19.020414] raid6: avx2x4   gen() 28913 MB/s
[   19.112812] raid6: using algorithm avx2x4 gen() 28913 MB/s
[   19.174859] raid6: using avx2x2 recovery algorithm
[   19.182550] xor: automatically using best checksumming function:
[   19.248515]    avx       : 26287.000 MB/sec
[   19.269318] async_tx: api initialized (async)
[   19.293538] md: raid6 personality registered for level 6
[   19.390807] md: raid5 personality registered for level 5
[   19.455800] md: raid4 personality registered for level 4
[   19.617672] md: raid10 personality registered for level 10
done.
Begin: Running /scripts/init-premount ... done.[   19.684086] Btrfs loaded

Begin: Mounting root file system ... Begin: Running /scripts/local-top ... done.
Begin: Running /scripts/local-premount ... Scanning for Btrfs filesystems
done.
Warning: fsck not present, so sk[   19.848349] EXT4-fs (sda1): mounted filesystem with ordered data mode. Opts: (null)
ipping root file system
done.
Begin: Running /scripts/local-bottom ... done.
Begin: Running /scripts/init-bottom ... done.
[   20.685215] random: nonblocking pool is initialized
[   20.846533] systemd[1]: systemd 229 running in system mode. (+PAM +AUDIT +SELINUX +IMA +APPARMOR +SMACK +SYSVINIT +UTMP +LIBCRYPTSETUP +GCRYPT +GNUTLS +ACL +XZ -LZ4 +SECCOMP +BLKID +ELFUTILS +KMOD -IDN)
[   20.992221] systemd[1]: Detected virtualization oracle.
[   21.017314] systemd[1]: Detected architecture x86-64.

Welcome to [1mUbuntu 16.04.5 LTS[0m!

[   21.087613] systemd[1]: Set hostname to <kube-01>.
[   22.092342] systemd[1]: Reached target Encrypted Volumes.
[[0;32m  OK  [0m] Reached target Encrypted Volumes.
[   22.095110] systemd[1]: Listening on LVM2 metadata daemon socket.
[[0;32m  OK  [0m] Listening on LVM2 metadata daemon socket.
[   22.169282] systemd[1]: Listening on LVM2 poll daemon socket.
[[0;32m  OK  [0m] Listening on LVM2 poll daemon socket.
[   22.208255] systemd[1]: Reached target System Time Synchronized.
[[0;32m  OK  [0m] Reached target System Time Synchronized.
[   22.386438] systemd[1]: Listening on udev Control Socket.
[[0;32m  OK  [0m] Listening on udev Control Socket.
[   22.416301] systemd[1]: Listening on Device-mapper event daemon FIFOs.
[[0;32m  OK  [0m] Listening on Device-mapper event daemon FIFOs.
[   22.497406] systemd[1]: Set up automount Arbitrary Executable File Formats File System Automount Point.
[[0;32m  OK  [0m] Set up automount Arbitrary Executab...ats File System Automount Point.
[   22.657233] systemd[1]: Listening on udev Kernel Socket.
[[0;32m  OK  [0m] Listening on udev Kernel Socket.
[   22.901188] systemd[1]: Started Trigger resolvconf update for networkd DNS.
[[0;32m  OK  [0m] Started Trigger resolvconf update for networkd DNS.
[   23.033965] systemd[1]: Created slice System Slice.
[[0;32m  OK  [0m] Created slice System Slice.
[   23.157223] systemd[1]: Created slice system-serial\x2dgetty.slice.
[[0;32m  OK  [0m] Created slice system-serial\x2dgetty.slice.
[   23.385885] systemd[1]: Created slice User and Session Slice.
[[0;32m  OK  [0m] Created slice User and Session Slice.
[   23.582855] systemd[1]: Reached target Slices.
[[0;32m  OK  [0m] Reached target Slices.
[   23.617155] systemd[1]: Started Forward Password Requests to Wall Directory Watch.
[[0;32m  OK  [0m] Started Forward Password Requests to Wall Directory Watch.
[   23.673858] systemd[1]: Listening on Journal Audit Socket.
[[0;32m  OK  [0m] Listening on Journal Audit Socket.
[   23.684863] systemd[1]: Reached target Swap.
[[0;32m  OK  [0m] Reached target Swap.
[   23.717215] systemd[1]: Listening on Journal Socket (/dev/log).
[[0;32m  OK  [0m] Listening on Journal Socket (/dev/log).
[   23.802781] systemd[1]: Listening on Syslog Socket.
[[0;32m  OK  [0m] Listening on Syslog Socket.
[   23.819915] systemd[1]: Listening on Journal Socket.
[[0;32m  OK  [0m] Listening on Journal Socket.
[   23.840484] systemd[1]: Starting Uncomplicated firewall...
         Starting Uncomplicated firewall...
[   23.905181] systemd[1]: Mounting Debug File System...
         Mounting Debug File System...
[   24.193264] systemd[1]: Starting Monitoring of LVM2 mirrors, snapshots etc. using dmeventd or progress polling...
         Starting Monitoring of LVM2 mirrors... dmeventd or progress polling...
[   24.264692] systemd[1]: Mounting POSIX Message Queue File System...
         Mounting POSIX Message Queue File System...
[   24.560262] systemd[1]: Starting Remount Root and Kernel File Systems...
[   24.581571] EXT4-fs (sda1): re-mounted. Opts: (null)
         Starting Remount Root and Kernel File Systems...
[   24.912457] systemd[1]: Starting Create list of required static device nodes for the current kernel...
         Starting Create list of required st... nodes for the current kernel...
[   24.992309] systemd[1]: Mounting Huge Pages File System...
         Mounting Huge Pages File System...
[   25.017870] systemd[1]: Starting Nameserver information manager...
         Starting Nameserver information manager...
[   25.172771] systemd[1]: Mounting RPC Pipe File System...
         Mounting RPC Pipe File [   25.283666] RPC: Registered named UNIX socket transport module.
System...
[   25.321693] RPC: Registered udp transport module.
[   25.322898] RPC: Registered tcp transport module.
[   25.323495] systemd[1]: Starting Set console keymap...
[   25.325391] RPC: Registered tcp NFSv4.1 backchannel transport module.
         Starting Set console keymap...
[   25.381021] systemd[1]: Starting Journal Service...
         Starting Journal Service...
[   25.541376] systemd[1]: Listening on /dev/initctl Compatibility Named Pipe.
[[0;32m  OK  [0m] Listening on /dev/initctl Compatibility Named Pipe.
[   25.585063] systemd[1]: Reached target User and Group Name Lookups.
[[0;32m  OK  [0m] Reached target User and Group Name Lookups.
[   25.833202] systemd[1]: Starting Load Kernel Modules...
[   .93088 Ldi iSIrapo css2.87
         Starting Load Kernel Modules...
[   26.562964] iscsi: registered transport (tcp)
[   26.597145] systemd[1]: Mounted RPC Pipe File System.
[[0;32m  OK  [0m] Mounted RPC Pipe File System.
[   26.774741] iscsi: registered transport (iser)
[   27.572322] systemd[1]: Mounted Debug File System.
[[0;32m  OK  [0m] Mounted Debug File System.
[   27.762095] systemd[1]: Mounted Huge Pages File System.
[[0;32m  OK  [0m] Mounted Huge Pages File System.
[   27.793538] systemd[1]: Mounted POSIX Message Queue File System.
[[0;32m  OK  [0m] Mounted POSIX Message Queue File System.
[   27.804961] systemd[1]: Started Journal Service.
[[0;32m  OK  [0m] Started Journal Service.
[[0;32m  OK  [0m] Started Uncomplicated firewall.
[[0;32m  OK  [0m] Started Remount Root and Kernel File Systems.
[[0;32m  OK  [0m] Started Create list of required sta...ce nodes for the current kernel.
[[0;32m  OK  [0m] Started Set console keymap.
[[0;32m  OK  [0m] Started Load Kernel Modules.
[[0;32m  OK  [0m] Started Nameserver information manager.
[[0;32m  OK  [0m] Started LVM2 metadata daemon.
         Mounting FUSE Control File System...
         Starting Apply Kernel Variables...
         Starting Create Static Device Nodes in /dev...
         Starting Load/Save Random Seed...
         Starting udev Coldplug all Devices...
         Starting Flush Journal to Persistent Storage...
[[0;32m  OK  [0m] Mounted FUSE Control File System.
[[0;32m  OK  [0m] Started Apply Kernel Variables.
[[0;32m  OK  [0m] Started Monitoring of LVM2 mirrors,...ng dmeventd or progress polling.
[[0;32m  OK  [0m] Started Create Static Device Nodes in /dev.
[[0;32m  OK  [0m] Started Load/Save Random Seed.
[[0;32m  OK  [0m] Started udev Coldplug all Devices.
[[0;32m  OK  [0m] Started Flush Journal to Persistent Storage.
         Starting udev Kernel Device Manager...
[[0;32m  OK  [0m] Reached target Local File Systems (Pre).
[[0;32m  OK  [0m] Reached target Local File Systems.
         Starting LSB: ebtables ruleset management...
         Starting Initial cloud-init job (pre-networking)...
         Starting Preprocess NFS configuration...
         Starting Set console font and keymap...
         Starting LSB: AppArmor initialization...
         Starting Create Volatile Files and Directories...
         Starting Tell Plymouth To Write Out Runtime Data...
[[0;32m  OK  [0m] Started udev Kernel Device Manager.
[[0;32m  OK  [0m] Started Preprocess NFS configuration.
[[0;32m  OK  [0m] Started Create Volatile Files and Directories.
[[0;32m  OK  [0m] Started Tell Plymouth To Write Out Runtime Data.
[[0;32m  OK  [0m] Found device /dev/ttyS0.
[[0;32m  OK  [0m] Started LSB: ebtables ruleset management.
[[0;32m  OK  [0m] Listening on Load/Save RF Kill Switch Status /dev/rfkill Watch.
         Starting Update UTMP about System Boot/Shutdown...
[[0;32m  OK  [0m] Reached target NFS client services.
[[0;32m  OK  [0m] Started Dispatch Password Requests to Console Directory Watch.
[[0;32m  OK  [0m] Started Set console font and keymap.
[[0;32m  OK  [0m] Started LSB: AppArmor initialization.
[[0;32m  OK  [0m] Started Update UTMP about System Boot/Shutdown.
[[0;32m  OK  [0m] Created slice system-getty.slice.
[   32.067585] cloud-init[477]: Cloud-init v. 18.4-0ubuntu1~16.04.2 running 'init-local' at Thu, 28 Feb 2019 02:54:56 +0000. Up 31.56 seconds.
[[0;32m  OK  [0m] Started Initial cloud-init job (pre-networking).
[[0;32m  OK  [0m] Reached target Network (Pre).
[[0;32m  OK  [0m] Started ifup for enp0s3.
         Starting Raise network interfaces...
[[0;32m  OK  [0m] Started ifup for enp0s8.
[[0;32m  OK  [0m] Started Raise network interfaces.
         Starting Initial cloud-init job (metadata service crawler)...
[[0;32m  OK  [0m] Reached target Network.
[   33.508857] cloud-init[1321]: Cloud-init v. 18.4-0ubuntu1~16.04.2 running 'init' at Thu, 28 Feb 2019 02:54:58 +0000. Up 33.00 seconds.
[[0;32m  OK  [0m] Started Initial cloud-init job (metadata service crawler).
[   33.628043] cloud-init[1321]: ci-info: ++++++++++++++++++++++++++++++++++++++Net device info+++++++++++++++++++++++++++++++++++++++
[   33.737363] cloud-init[1321]: ci-info: +--------+------+-----------------------------+---------------+--------+-------------------+
[   33.809044] cloud-init[1321]: ci-info: | Device |  Up  |           Address           |      Mask     | Scope  |     Hw-Address    |
[   33.885127] cloud-init[1321]: ci-info: +--------+------+-----------------------------+---------------+--------+-------------------+
[   33.930918] cloud-init[1321]: ci-info: | enp0s3 | True |          10.0.2.15          | 255.255.255.0 | global | 02:9c:d2:53:c1:d1 |
[[0;32m  OK  [0m] Reached target System Initialization.
[[0;32m  OK  [0m] Listening on RPCbind Server Activation Socket.
[[0;32m  OK  [0m] Listening on ACPID Listen Socket.
[   33.951417] cloud-init[1321]: ci-info: | enp0s3 | True |  fe80::9c:d2ff:fe53:c1d1/64 |       .       |  link  | 02:9c:d2:53:c1:d1 |
[   33.993784] cloud-init[1321]: ci-info: | enp0s8 | True |        192.168.12.10        | 255.255.255.0 | global | 08:00:27:8c:da:b0 |
[[0;32m  OK  [0m] Started Daily Cleanup of Temporary Directories.
[   33.999326] cloud-init[1321]: ci-info: | enp0s8 | True | fe80::a00:27ff:fe8c:dab0/64 |       .       |  link  | 08:00:27:8c:da:b0 |
[   34.025081] cloud-init[1321]: ci-info: |   lo   | True |          127.0.0.1          |   255.0.0.0   |  host  |         .         |
[   34.040867] cloud-init[1321]: ci-info: |   lo   | True |           ::1/128           |       .       |  host  |         .         |
[[0;32m  OK  [0m] Started Daily apt download activities.
[   34.131757] cloud-init[1321]: ci-info: +--------+------+-----------------------------+---------------+--------+-------------------+
[   34.156242] cloud-init[1321]: ci-info: ++++++++++++++++++++++++++++Route IPv4 info++++++++++++++++++++++++++++
[   34.156440] cloud-init[1321]: ci-info: +-------+--------------+----------+---------------+-----------+-------+
[   34.156648] cloud-init[1321]: ci-info: | Route | Destination  | Gateway  |    Genmask    | Interface | Flags |
[   34.156857] cloud-init[1321]: ci-info: +-------+--------------+----------+---------------+-----------+-------+
[   34.157059] cloud-init[1321]: ci-info: |   0   |   0.0.0.0    | 10.0.2.2 |    0.0.0.0    |   enp0s3  |   UG  |
[   34.157271] cloud-init[1321]: ci-info: |   1   |   10.0.2.0   | 0.0.0.0  | 255.255.255.0 |   enp0s3  |   U   |
[   34.157466] cloud-init[1321]: ci-info: |   2   | 192.168.12.0 | 0.0.0.0  | 255.255.255.0 |   enp0s8  |   U   |
[   34.157672] cloud-init[1321]: ci-info: +-------+--------------+----------+---------------+-----------+-------+
[   34.157893] cloud-init[1321]: ci-info: +++++++++++++++++++Route IPv6 info+++++++++++++++++++
[   34.158091] cloud-init[1321]: ci-info: +-------+-------------+---------+-----------+-------+
[   34.158367] cloud-init[1321]: ci-info: | Route | Destination | Gateway | Interface | Flags |
[   34.158502] cloud-init[1321]: ci-info: +-------+-------------+---------+-----------+-------+
[   34.158747] cloud-init[1321]: ci-info: |   0   |  fe80::/64  |    ::   |   enp0s3  |   U   |
[   34.158941] cloud-init[1321]: ci-info: |   1   |  fe80::/64  |    ::   |   enp0s8  |   U   |
[   34.159161] cloud-init[1321]: ci-info: |   4   |   ff00::/8  |    ::   |   enp0s3  |   U   |
[   34.159384] cloud-init[1321]: ci-info: |   5   |   ff00::/8  |    ::   |   enp0s8  |   U   |
[   34.159606] cloud-init[1321]: ci-info: +-------+-------------+---------+-----------+-------+
[[0;32m  OK  [0m] Started Daily apt upgrade and clean activities.
[[0;32m  OK  [0m] Listening on D-Bus System Message Bus Socket.
         Starting Docker Socket for the API.
         Starting LXD - unix socket.
         Starting Socket activation for snappy daemon.
[[0;32m  OK  [0m] Reached target Timers.
[[0;32m  OK  [0m] Listening on UUID daemon activation socket.
[[0;32m  OK  [0m] Started ACPI Events Check.
[[0;32m  OK  [0m] Reached target Paths.
[[0;32m  OK  [0m] Reached target Network is Online.
         Starting iSCSI initiator daemon (iscsid)...
[[0;32m  OK  [0m] Reached target Cloud-config availability.
[[0;32m  OK  [0m] Listening on Docker Socket for the API.
[[0;32m  OK  [0m] Listening on LXD - unix socket.
[[0;32m  OK  [0m] Listening on Socket activation for snappy daemon.
[[0;32m  OK  [0m] Reached target Sockets.
[[0;32m  OK  [0m] Reached target Basic System.
[[0;32m  OK  [0m] Started FUSE filesystem for LXC.
[[0;32m  OK  [0m] Started kubelet: The Kubernetes Node Agent.
         Starting System Logging Service...
[[0;32m  OK  [0m] Started Deferred execution scheduler.
         Starting Snappy daemon...
         Starting Ubuntu FAN network setup...
[[0;32m  OK  [0m] Started ACPI event daemon.
         Starting /etc/rc.local Compatibility...
         Starting OpenBSD Secure Shell server...
[[0;32m  OK  [0m] Started Unattended Upgrades Shutdown.
         Starting LXD - container startup/shutdown...
[[0;32m  OK  [0m] Started Regular background program processing daemon.
         Starting LSB: Record successful boot for GRUB...
         Starting Accounts Service...
         Starting Virtualbox guest utils...
         Starting Login Service...
         Starting LSB: MD monitoring daemon...
[[0;32m  OK  [0m] Started D-Bus System Message Bus.
         Starting Docker Application Container Engine...
[[0;32m  OK  [0m] Started System Logging Service.
[[0;32m  OK  [0m] Started iSCSI initiator daemon (iscsid).
[[0;32m  OK  [0m] Started Ubuntu FAN network setup.
[[0;32m  OK  [0m] Started /etc/rc.local Compatibility.
         Starting Login to default iSCSI targets...
[[0;32m  OK  [0m] Started Login Service.
[[0;32m  OK  [0m] Started LSB: Record successful boot for GRUB.
[[0;32m  OK  [0m] Started LSB: MD monitoring daemon.
[[0;32m  OK  [0m] Started Login to default iSCSI targets.
[[0;32m  OK  [0m] Started OpenBSD Secure Shell server.
[[0;32m  OK  [0m] Reached target Remote File Systems (Pre).
[[0;32m  OK  [0m] Reached target Remote File Systems.
         Starting Permit User Sessions...
         Starting LSB: Set up cgroupfs mounts....
         Starting LSB: automatic crash report generation...
         Starting LSB: daemon to balance interrupts for SMP systems...
         Starting LSB: Set the CPU Frequency Scaling governor to "ondemand"...
         Starting Authenticate and Authorize Users to Run Privileged Tasks...
[[0;32m  OK  [0m] Started Permit User Sessions.
[[0;32m  OK  [0m] Started LSB: Set up cgroupfs mounts..
[[0;32m  OK  [0m] Started LSB: Set the CPU Frequency Scaling governor to "ondemand".
         Starting Hold until boot process finishes up...
         Starting Terminate Plymouth Boot Screen...
[[0;32m  OK  [0m] Started Hold until boot process finishes up.
[[0;32m  OK  [0m] Started Terminate Plymouth Boot Screen.
[[0;32m  OK  [0m] Started LSB: automatic crash report generation.
[[0;32m  OK  [0m] Started Virtualbox guest utils.
[[0;32m  OK  [0m] Started LSB: daemon to balance interrupts for SMP systems.
[[0;32m  OK  [0m] Started Authenticate and Authorize Users to Run Privileged Tasks.
[[0;32m  OK  [0m] Started Accounts Service.
[[0;32m  OK  [0m] Started Serial Getty on ttyS0.
         Starting Set console scheme...
[[0;32m  OK  [0m] Started Getty on tty1.
[[0;32m  OK  [0m] Reached target Login Prompts.
[[0;32m  OK  [0m] Started Set console scheme.
[[0;32m  OK  [0m] Started LXD - container startup/shutdown.
[[0;32m  OK  [0m] Created slice User Slice of vagrant.
         Starting User Manager for UID 1000...
[[0;32m  OK  [0m] Started Session 1 of user vagrant.
[[0;32m  OK  [0m] Started User Manager for UID 1000.
[[0;32m  OK  [0m] Started Snappy daemon.
         Starting Wait until snapd is fully seeded...
[[0;32m  OK  [0m] Started Wait until snapd is fully seeded.
         Starting Apply the settings specified in cloud-config...
[   40.213923] cloud-init[1602]: Cloud-init v. 18.4-0ubuntu1~16.04.2 running 'modules:config' at Thu, 28 Feb 2019 02:55:05 +0000. Up 39.86 seconds.
[[0;32m  OK  [0m] Started Apply the settings specified in cloud-config.

Ubuntu 16.04.5 LTS kube-01 ttyS0

kube-01 login: [   48.667610] cloud-init[2317]: Cloud-init v. 18.4-0ubuntu1~16.04.2 running 'modules:final' at Thu, 28 Feb 2019 02:55:13 +0000. Up 48.40 seconds.
[   48.667878] cloud-init[2317]: Cloud-init v. 18.4-0ubuntu1~16.04.2 finished at Thu, 28 Feb 2019 02:55:13 +0000. Datasource DataSourceNoCloud [seed=/dev/sdb][dsmode=net].  Up 48.65 seconds
         Stopping ACPI event daemon...
[[0;32m  OK  [0m] Stopped Kubernetes transient mount ...o~secret/kube-proxy-token-qlf84.
         Stopping Session 10 of user vagrant.
[[0;32m  OK  [0m] Stopped target Cloud-init target.
[[0;32m  OK  [0m] Stopped Execute cloud user/finas[[0;32m  OK  [0m] Unmounted /var/lib/lxcfs.
[[0;32m  OK  [0m] Stopped System Logging Service.
[[0;32m  OK  [0m] Stopped Deferred execution scheduler.
[[0;32m  OK  [0m] Stopped Snappy daemon.
[[0;32m  OK  [0m] Stopped ACPI event daemon.
[[0;32m  OK  [0m] Stopped Regular background program processing daemon.
[[0;32m  OK  [0m] Stopped kubelet: The Kubernetes Node Agent.
[[0;32m  OK  [0m] Stopped Accounts Service.
[[0;32m  OK  [0m] Stopped OpenBSD Secure Shell server.
[[0;32m  OK  [0m] Stopped Authenticate and Authorize Users to Run Privileged Tasks.
[[0;32m  OK  [0m] Stopped Serial Getty on ttyS0.
[[0;32m  OK  [0m] Stopped Getty on tty1.
[[0;32m  OK  [0m] Stopped User Manager for UID 1000.
[[0;32m  OK  [0m] Stopped Session 10 of user vagrant.
[[0;32m  OK  [0m] Unmounted RPC Pipe File System.
[[0;32m  OK  [0m] Stopped D-Bus System Message Bus.
[[0;32m  OK  [0m] Stopped Ubuntu FAN network setup.
[[0;32m  OK  [0m] Stopped LSB: Set up cgroupfs mounts..
[[0;32m  OK  [0m] Stopped FUSE filesystem for LXC.
[[0;32m  OK  [0m] Stopped Unattended Upgrades Shutdown.
[[0;32m  OK  [0m] Stopped LSB: MD monitoring daemon.
[[0;32m  OK  [0m] Stopped LSB: daemon to balance interrupts for SMP systems.
[[0;32m  OK  [0m] Stopped Virtualbox guest utils.
[[0;32m  OK  [0m] Stopped LXD - container startup/shutdown.
[[0;32m  OK  [0m] Stopped LSB: Set the CPU Frequency Scaling governor to "ondemand".
[[0;32m  OK  [0m] Stopped LSB: Record successful boot for GRUB.
[[0;32m  OK  [0m] Stopped LSB: automatic crash report generation.
[[0;32m  OK  [0m] Removed slice User Slice of vagrant.
         Stopping Login Service...
[[0;32m  OK  [0m] Removed slice system-getty.slice.
[[0;32m  OK  [0m] Removed slice system-serial\x2dgetty.slice.
         Stopping Permit User Sessions...
[[0;32m  OK  [0m] Stopped /etc/rc.local Compatibility.
[[0;32m  OK  [0m] Stopped Permit User Sessions.
[[0;32m  OK  [0m] Stopped Login Service.
[[0;32m  OK  [0m] Stopped target Remote File Systems.
[[0;32m  OK  [0m] Stopped target Remote File Systems (Pre).
         Stopping Login to default iSCSI targets...
[[0;32m  OK  [0m] Stopped target NFS client services.
[[0;32m  OK  [0m] Stopped target User and Group Name Lookups.
[[0;32m  OK  [0m] Stopped Login to default iSCSI targets.
         Stopping iSCSI initiator daemon (iscsid)...
[[0;32m  OK  [0m] Stopped iSCSI initiator daemon (iscsid).
[[0;32m  OK  [0m] Unmounted /var/lib/docker/container...9b9456c2812adb9de882/mounts/shm.
[[0;32m  OK  [0m] Unmounted /var/lib/docker/overlay2/...8e502432cf3945eccf19e1a7/merged.
[[0;32m  OK  [0m] Unmounted /var/lib/docker/overlay2/...5c0bf67b659f39718986a5d2/merged.
[[0;32m  OK  [0m] Unmounted /var/lib/docker/overlay2/...43b6d6d57b253de752b858ef/merged.
[[0;32m  OK  [0m] Unmounted /run/docker/netns/e01c2682e33d.
[[0;32m  OK  [0m] Unmounted /var/lib/docker/container...59c1c2804eb9e0fe8c22/mounts/shm.
[[0;32m  OK  [0m] Unmounted /var/lib/docker/overlay2/...358ea1699b9a41660e18f21e/merged.
[[0;32m  OK  [0m] Unmounted /var/lib/docker/container...a57e77dabb37e77e16a2/mounts/shm.
[[0;32m  OK  [0m] Unmounted /run/docker/netns/955712c1b339.
[[0;32m  OK  [0m] Unmounted /var/lib/docker/overlay2/...6a254fd5addf1c2fb5bdbc6c/merged.
[[0;32m  OK  [0m] Unmounted /var/lib/docker/overlay2/...100aae753f5937ba3a6d4edb/merged.
[[0;32m  OK  [0m] Unmounted /var/lib/docker/overlay2/...213d38d998ff7aad47fe5247/merged.
[[0;32m  OK  [0m] Unmounted /var/lib/docker/container...d84a0d1f4c5dcd392a56/mounts/shm.
[[0;32m  OK  [0m] Unmounted /var/lib/docker/overlay2/...058b75a9f749e4b3de876ec0/merged.
[[0;32m  OK  [0m] Unmounted /var/lib/docker/container...2c699019af9dd29745bf/mounts/shm.
[[0;32m  OK  [0m] Unmounted /var/lib/docker/overlay2/...6a0d398afa2dd7f1341a26f3/merged.
[[0;32m  OK  [0m] Unmounted /var/lib/docker/overlay2/...6734c0e6e326c1143d963e9d/merged.
[[0;32m  OK  [0m] Unmounted /var/lib/docker/overlay2/...243ddd0c8e4d6dbcce30ffe6/merged.
[[0;32m  OK  [0m] Unmounted /var/lib/docker/container...22c9f335b47df7645832/mounts/shm.
[[0;32m  OK  [0m] Unmounted /var/lib/docker/overlay2/...6bfa25ca075ee3f2719e6368/merged.
[[0;32m  OK  [0m] Unmounted /var/lib/docker/container...eb9421b056ffdb3518d2/mounts/shm.
[[0;32m  OK  [0m] Unmounted /var/lib/docker/overlay2/...723366ad78efcf3143530f11/merged.
[[0;32m  OK  [0m] Unmounted /run/docker/netns/19bb55f99cf3.
[[0;32m  OK  [0m] Unmounted /var/lib/docker/container...bcb8df9019d589195e92/mounts/shm.
[[0;32m  OK  [0m] Unmounted /var/lib/docker/overlay2/...3a556aa1a83db4d4503100ee/merged.
[[0;32m  OK  [0m] Unmounted /var/lib/docker/overlay2/...0d19ec19efe813ff7277b0f4/merged.
[[0;32m  OK  [0m] Unmounted /var/lib/docker/overlay2/...357245012e7ec60557b6e189/merged.
[[0;32m  OK  [0m] Unmounted /var/lib/docker/overlay2/...514ead6a905b79920ab17b34/merged.
[[0;32m  OK  [0m] Unmounted /var/lib/docker/container...0d47b627075d3b0bbc1e/mounts/shm.
[[0;32m  OK  [0m] Unmounted /var/lib/docker/overlay2/...17fc06ea5d50ad1ebc0219f3/merged.
[[0;32m  OK  [0m] Unmounted /var/lib/docker/overlay2/...cda0730dd2157f3630d389fe/merged.
[[0;32m  OK  [0m] Stopped Docker Application Container Engine.
[[0;32m  OK  [0m] Stopped target Basic System.
[[0;32m  OK  [0m] Stopped target Paths.
[[0;32m  OK  [0m] Stopped Dispatch Password Requests to Console Directory Watch.
[[0;32m  OK  [0m] Stopped Forward Password Requests to Wall Directory Watch.
[[0;32m  OK  [0m] Stopped ACPI Events Check.
[[0;32m  OK  [0m] Stopped target Slices.
[[0;32m  OK  [0m] Removed slice User and Session Slice.
[[0;32m  OK  [0m] Stopped target Sockets.
[[0;32m  OK  [0m] Closed RPCbind Server Activation Socket.
[[0;32m  OK  [0m] Closed UUID daemon activation socket.
[[0;32m  OK  [0m] Closed ACPID Listen Socket.
[[0;32m  OK  [0m] Closed Syslog Socket.
[[0;32m  OK  [0m] Closed Socket activation for snappy daemon.
[[0;32m  OK  [0m] Closed D-Bus System Message Bus Socket.
[[0;32m  OK  [0m] Closed LXD - unix socket.
[[0;32m  OK  [0m] Stopped target Network is Online.
[[0;32m  OK  [0m] Stopped target Network.
[[0;32m  OK  [0m] Closed Docker Socket for the API.
[[0;32m  OK  [0m] Stopped target System Initialization.
         Stopping Load/Save Random Seed...
         Stopping Update UTMP about System Boot/Shutdown...
[[0;32m  OK  [0m] Stopped Initial cloud-init job (metadata service crawler).
         Stopping Raise network interfaces...
[[0;32m  OK  [0m] Stopped target Swap.
         Stopping LSB: ebtables ruleset management...
[[0;32m  OK  [0m] Stopped target Encrypted Volumes.
[[0;32m  OK  [0m] Stopped Load/Save Random Seed.
[[0;32m  OK  [0m] Stopped Update UTMP about System Boot/Shutdown.
[[0;32m  OK  [0m] Stopped Create Volatile Files and Directories.
[[0;32m  OK  [0m] Stopped LSB: ebtables ruleset management.
[[0;32m  OK  [0m] Stopped Raise network interfaces.
[[0;32m  OK  [0m] Stopped target Network (Pre).
[[0;32m  OK  [0m] Stopped Initial cloud-init job (pre-networking).
[[0;32m  OK  [0m] Stopped Apply Kernel Variables.
[[0;32m  OK  [0m] Stopped Load Kernel Modules.
[[0;32m  OK  [0m] Stopped target Local File Systems.
         Unmounting /run/docker/netns/default...
         Unmounting /var/lib/kubelet/pods/fe...~secret/weave-net-token-tptzq...
         Unmounting /run/user/1000...
         Unmounting /vagrant...
         Unmounting /var/lib/kubelet/pods/14...ernetes-dashboard-token-m7gp4...
         Unmounting /var/lib/kubelet/pods/07...secret/kube-proxy-token-qlf84...
         Unmounting /var/lib/kubelet/pods/08...io~secret/coredns-token-gzxp4...
         Unmounting /var/lib/kubelet/pods/08...io~secret/coredns-token-gzxp4...
[[0;32m  OK  [0m] Unmounted /run/docker/netns/default.
[[0;32m  OK  [0m] Unmounted /var/lib/kubelet/pods/feb...io~secret/weave-net-token-tptzq.
[[0;32m  OK  [0m] Unmounted /run/user/1000.
[[0;32m  OK  [0m] Unmounted /var/lib/kubelet/pods/149...ubernetes-dashboard-token-m7gp4.
[[0;32m  OK  [0m] Unmounted /var/lib/kubelet/pods/07e...o~secret/kube-proxy-token-qlf84.
[[0;32m  OK  [0m] Unmounted /var/lib/kubelet/pods/080...s.io~secret/coredns-token-gzxp4.
[[0;32m  OK  [0m] Unmounted /var/lib/kubelet/pods/080...s.io~secret/coredns-token-gzxp4.
[[0;1;31mFAILED[0m] Failed unmounting /vagrant.
[[0;32m  OK  [0m] Reached target Unmount All Filesystems.
[[0;32m  OK  [0m] Stopped target Local File Systems (Pre).
[[0;32m  OK  [0m] Stopped Create Static Device Nodes in /dev.
         Stopping Monitoring of LVM2 mirrors... dmeventd or progress polling...
[[0;32m  OK  [0m] Stopped Remount Root and Kernel File Systems.
[[0;32m  OK  [0m] Reached target Shutdown.
[24073.305963] rebot Pwedon
